<?xml version="1.0" encoding="UTF-8"?>
<!-- Generated by org.testng.reporters.JUnitXMLReporter -->
<testsuite ignored="1" hostname="USMUMAWANGA11" failures="0" tests="1" name="Default test" time="2.968" errors="0" timestamp="2024-02-01T12:36:25 IST">
  <testcase classname="com.demo.tests.GetTests" name="getEmployees" time="2.889"/>
  <testcase classname="com.demo.tests.GetTests" name="getEmployeeDetails" time="0.0">
    <ignored/>
  </testcase> <!-- getEmployeeDetails -->
</testsuite> <!-- Default test -->
